{"n":"network.reception_strength","v":"24","lon":34.8358982,"t":"g","ts":1352289160,"lat":32.1075039,"driver_id":"3"}
{"n":"network.reception_strength","v":"24","lon":34.8358982,"t":"g","ts":1352289164,"lat":32.1075039,"driver_id":"3"}
{"n":"network.reception_strength","v":"24","lon":34.8358982,"t":"g","ts":1352289165,"lat":32.1075039,"driver_id":"3"}
{"n":"network.reception_strength","v":"25","lon":34.8358982,"t":"g","ts":1352289170,"lat":32.1075039,"driver_id":"3"}
{"n":"network.reception_strength","v":"25","lon":34.8358982,"t":"g","ts":1352289170,"lat":32.1075039,"driver_id":"3"}
{"n":"network.reception_strength","v":"25","lon":34.8358982,"t":"g","ts":1352289170,"lat":32.1075039,"driver_id":"3"}
{"n":"network.reception_strength","v":"25","lon":34.8358982,"t":"g","ts":1352289170,"lat":32.1075039,"driver_id":"3"}
{"n":"network.reception_strength","v":"24","lon":34.8358982,"t":"g","ts":1352289189,"lat":32.1075039,"driver_id":"3"}
{"n":"network.reception_strength","v":"24","lon":34.8358982,"t":"g","ts":1352289189,"lat":32.1075039,"driver_id":"3"}
{"n":"network.reception_strength","v":"24","lon":34.8358982,"t":"g","ts":1352289189,"lat":32.1075039,"driver_id":"3"}
{"n":"network.reception_strength","v":"24","lon":34.8358982,"t":"g","ts":1352289189,"lat":32.1075039,"driver_id":"3"}
{"n":"network.api_duration.get_driver_job_history","v":"2924","lon":34.8358982,"t":"t","ts":1352289220,"lat":32.1075039,"driver_id":"3"}
{"n":"network.api_duration.get_driver_message","v":"945","lon":34.8358982,"t":"t","ts":1352289220,"lat":32.1075039,"driver_id":"3"}
{"n":"network.api_duration.driver_message_read","v":"364","lon":34.8358982,"t":"t","ts":1352289220,"lat":32.1075039,"driver_id":"3"}
{"n":"network.api_duration.update_get","v":"517","lon":34.8358982,"t":"t","ts":1352289220,"lat":32.1075039,"driver_id":"3"}
{"n":"network.api_failed.driver_message_read","v":"1","lon":34.8358982,"t":"c","ts":1352289220,"lat":32.1075039,"driver_id":"3"}
{"n":"network.reception_strength","v":"22","lon":34.8358982,"t":"g","ts":1352289229,"lat":32.1075039,"driver_id":"3"}
{"n":"network.reception_strength","v":"22","lon":34.8358982,"t":"g","ts":1352289229,"lat":32.1075039,"driver_id":"3"}
{"n":"network.reception_strength","v":"22","lon":34.8358982,"t":"g","ts":1352289229,"lat":32.1075039,"driver_id":"3"}
{"n":"network.reception_strength","v":"22","lon":34.8358982,"t":"g","ts":1352289229,"lat":32.1075039,"driver_id":"3"}
{"n":"network.api_duration.meter_report","v":"232","lon":34.838409999999996,"t":"t","ts":1352289280,"lat":32.110645,"driver_id":"3"}
{"n":"network.api_duration.update_get","v":"500","lon":34.838409999999996,"t":"t","ts":1352289280,"lat":32.110645,"driver_id":"3"}
{"n":"network.api_duration.meter_report","v":"264","lon":34.83852666666667,"t":"t","ts":1352289340,"lat":32.11037666666667,"driver_id":"3"}
{"n":"network.api_duration.update_get","v":"1307","lon":34.83852666666667,"t":"t","ts":1352289340,"lat":32.11037666666667,"driver_id":"3"}
{"n":"network.api_duration.meter_report","v":"2052","lon":34.83866166666667,"t":"t","ts":1352289400,"lat":32.110395000000004,"driver_id":"3"}
{"n":"network.api_duration.update_get","v":"522","lon":34.83866166666667,"t":"t","ts":1352289400,"lat":32.110395000000004,"driver_id":"3"}
{"n":"network.api_duration.meter_report","v":"304","lon":34.83841833333334,"t":"t","ts":1352289460,"lat":32.110398333333336,"driver_id":"3"}
{"n":"network.api_duration.update_get","v":"437","lon":34.83841833333334,"t":"t","ts":1352289460,"lat":32.110398333333336,"driver_id":"3"}
{"n":"network.api_duration.meter_report","v":"177","lon":34.838345,"t":"t","ts":1352289520,"lat":32.110373333333335,"driver_id":"3"}
{"n":"network.api_duration.update_get","v":"547","lon":34.838345,"t":"t","ts":1352289520,"lat":32.110373333333335,"driver_id":"3"}
{"n":"network.api_duration.meter_report","v":"248","lon":34.83832666666667,"t":"t","ts":1352289580,"lat":32.11025166666666,"driver_id":"3"}
{"n":"network.api_duration.update_get","v":"436","lon":34.83832666666667,"t":"t","ts":1352289580,"lat":32.11025166666666,"driver_id":"3"}
{"n":"network.api_duration.meter_report","v":"411","lon":34.83850666666667,"t":"t","ts":1352289640,"lat":32.11030166666667,"driver_id":"3"}
{"n":"network.api_duration.update_get","v":"564","lon":34.83850666666667,"t":"t","ts":1352289640,"lat":32.11030166666667,"driver_id":"3"}
{"n":"network.api_duration.meter_report","v":"255","lon":34.83841833333334,"t":"t","ts":1352289700,"lat":32.110366666666664,"driver_id":"3"}
{"n":"network.api_duration.update_get","v":"432","lon":34.83841833333334,"t":"t","ts":1352289700,"lat":32.110366666666664,"driver_id":"3"}
{"n":"network.api_duration.meter_report","v":"389","lon":34.83844833333333,"t":"t","ts":1352289760,"lat":32.110281666666666,"driver_id":"3"}
{"n":"network.api_duration.get_driver_message","v":"504","lon":34.83844833333333,"t":"t","ts":1352289760,"lat":32.110281666666666,"driver_id":"3"}
{"n":"network.api_duration.driver_message_read","v":"736","lon":34.83844833333333,"t":"t","ts":1352289760,"lat":32.110281666666666,"driver_id":"3"}
{"n":"network.api_duration.update_get","v":"435","lon":34.83844833333333,"t":"t","ts":1352289760,"lat":32.110281666666666,"driver_id":"3"}
{"n":"network.api_failed.driver_message_read","v":"1","lon":34.83844833333333,"t":"c","ts":1352289760,"lat":32.110281666666666,"driver_id":"3"}
{"n":"network.api_duration.meter_report","v":"321","lon":34.838406666666664,"t":"t","ts":1352289820,"lat":32.1102,"driver_id":"3"}
{"n":"network.api_duration.update_get","v":"528","lon":34.838406666666664,"t":"t","ts":1352289820,"lat":32.1102,"driver_id":"3"}
{"n":"network.api_duration.meter_report","v":"193","lon":34.838406666666664,"t":"t","ts":1352289880,"lat":32.1102,"driver_id":"3"}
{"n":"network.api_duration.update_get","v":"444","lon":34.838406666666664,"t":"t","ts":1352289880,"lat":32.1102,"driver_id":"3"}
{"n":"network.api_duration.meter_report","v":"380","lon":34.838391666666666,"t":"t","ts":1352289940,"lat":32.11015166666667,"driver_id":"3"}
{"n":"network.api_duration.update_get","v":"509","lon":34.838391666666666,"t":"t","ts":1352289940,"lat":32.11015166666667,"driver_id":"3"}
{"n":"network.api_duration.meter_report","v":"222","lon":34.83856333333333,"t":"t","ts":1352290000,"lat":32.110368333333334,"driver_id":"3"}
{"n":"network.api_duration.update_get","v":"382","lon":34.83856333333333,"t":"t","ts":1352290000,"lat":32.110368333333334,"driver_id":"3"}
{"n":"network.api_duration.meter_report","v":"212","lon":34.83833333333334,"t":"t","ts":1352290060,"lat":32.110171666666666,"driver_id":"3"}
{"n":"network.api_duration.update_get","v":"557","lon":34.83833333333334,"t":"t","ts":1352290060,"lat":32.110171666666666,"driver_id":"3"}
{"n":"network.api_duration.meter_report","v":"464","lon":34.838475,"t":"t","ts":1352290120,"lat":32.110303333333334,"driver_id":"3"}
{"n":"network.api_duration.update_get","v":"631","lon":34.838475,"t":"t","ts":1352290120,"lat":32.110303333333334,"driver_id":"3"}
{"n":"network.api_duration.meter_report","v":"447","lon":34.838370000000005,"t":"t","ts":1352290180,"lat":32.11018,"driver_id":"3"}
{"n":"network.api_duration.update_get","v":"640","lon":34.838370000000005,"t":"t","ts":1352290180,"lat":32.11018,"driver_id":"3"}
{"n":"network.reception_strength","v":"99","lon":0.0049496,"t":"g","ts":1352487909,"lat":51.5586811,"driver_id":"7"}
{"n":"network.api_duration.update_get","v":"3950","lon":0.0090684,"t":"t","ts":1352487968,"lat":51.5576031,"driver_id":"7"}
{"n":"network.reception_strength","v":"99","lon":0.0049496,"t":"g","ts":1352487909,"lat":51.5586811,"driver_id":"7"}
{"n":"network.api_duration.update_get","v":"3950","lon":0.0090684,"t":"t","ts":1352487968,"lat":51.5576031,"driver_id":"7"}
{"n":"network.reception_strength","v":"99","lon":0.0090819,"t":"g","ts":1352487971,"lat":51.5576018,"driver_id":"7"}
{"n":"network.reception_strength","v":"99","lon":0.0091015,"t":"g","ts":1352487973,"lat":51.5576166,"driver_id":"7"}
{"n":"network.api_failed.meter_report","v":"1","lon":0.009253333333333334,"t":"c","ts":1352488148,"lat":51.55745666666667,"driver_id":"7"}
{"n":"network.api_failed.update_get","v":"12","lon":0.009253333333333334,"t":"c","ts":1352488148,"lat":51.55745666666667,"driver_id":"7"}
{"n":"network.api_failed.get_driver_job_history","v":"1","lon":0.009253333333333334,"t":"c","ts":1352488148,"lat":51.55745666666667,"driver_id":"7"}
{"n":"network.api_failed.update_get","v":"12","lon":0.009363333333333333,"t":"c","ts":1352488208,"lat":51.55750833333333,"driver_id":"7"}
{"n":"network.api_failed.meter_report","v":"1","lon":0.009363333333333333,"t":"c","ts":1352488208,"lat":51.55750833333333,"driver_id":"7"}
{"n":"network.api_failed.update_get","v":"12","lon":0.009385000000000001,"t":"c","ts":1352488268,"lat":51.55753333333334,"driver_id":"7"}
{"n":"network.api_failed.meter_report","v":"1","lon":0.009385000000000001,"t":"c","ts":1352488268,"lat":51.55753333333334,"driver_id":"7"}
{"n":"network.api_failed.update_get","v":"12","lon":0.009235,"t":"c","ts":1352488328,"lat":51.557615000000006,"driver_id":"7"}
{"n":"network.api_failed.meter_report","v":"1","lon":0.009235,"t":"c","ts":1352488328,"lat":51.557615000000006,"driver_id":"7"}
{"n":"network.api_failed.update_get","v":"12","lon":0.009235,"t":"c","ts":1352488388,"lat":51.557615000000006,"driver_id":"7"}
{"n":"network.api_failed.meter_report","v":"1","lon":0.009235,"t":"c","ts":1352488388,"lat":51.557615000000006,"driver_id":"7"}
{"n":"network.api_failed.update_get","v":"12","lon":0.00939,"t":"c","ts":1352488448,"lat":51.55756833333333,"driver_id":"7"}
{"n":"network.api_failed.meter_report","v":"1","lon":0.00939,"t":"c","ts":1352488448,"lat":51.55756833333333,"driver_id":"7"}
{"n":"network.api_failed.update_get","v":"12","lon":0.009331666666666665,"t":"c","ts":1352488508,"lat":51.557469999999995,"driver_id":"7"}
{"n":"network.api_failed.meter_report","v":"1","lon":0.009331666666666665,"t":"c","ts":1352488508,"lat":51.557469999999995,"driver_id":"7"}